DEFAULT_PROTOCOL_NAME: Flex Smoke Test from os.environ.get('PROTOCOL_NAME')
============================= test session starts ==============================
platform darwin -- Python 3.12.12, pytest-8.4.2, pluggy-1.6.0 -- /Users/alexcopperman/Downloads/Opentrons_General/opentrons-app-e2e/.venv/bin/python
cachedir: .pytest_cache
metadata: {'Python': '3.12.12', 'Platform': 'macOS-15.7.4-arm64-arm-64bit', 'Packages': {'pytest': '8.4.2', 'pluggy': '1.6.0'}, 'Plugins': {'anyio': '4.14.1', 'html': '4.1.1', 'timeout': '2.4.0', 'metadata': '3.1.1', 'base-url': '2.1.0', 'playwright': '0.7.1'}, 'Base URL': ''}
rootdir: /Users/alexcopperman/Downloads/Opentrons_General/opentrons-app-e2e
configfile: pytest.ini
plugins: anyio-4.14.1, html-4.1.1, timeout-2.4.0, metadata-3.1.1, base-url-2.1.0, playwright-0.7.1
timeout: 300.0s
timeout method: signal
timeout func_only: False
collecting ... collected 46 items / 3 deselected / 43 selected

tests/app/device_cards/test_devices_nav.py::test_robot_detail_from_devices_list 
[device_cards] test_robot_detail_from_devices_list

🛑 'tests/app/device_cards/test_devices_nav.py::test_robot_detail_from_devices_list' failed
Pausing execution for debugging...
⚠️  Could not find a Playwright page to pause.
    You can still debug the console state.
ERROR
tests/app/device_cards/test_robot_settings.py::test_networking 
[device_cards] test_networking

🛑 'tests/app/device_cards/test_robot_settings.py::test_networking' failed
Pausing execution for debugging...
⚠️  Could not find a Playwright page to pause.
    You can still debug the console state.
ERROR
tests/app/device_cards/test_robot_settings.py::test_privacy 
[device_cards] test_privacy

🛑 'tests/app/device_cards/test_robot_settings.py::test_privacy' failed
Pausing execution for debugging...
⚠️  Could not find a Playwright page to pause.
    You can still debug the console state.
ERROR
tests/app/device_cards/test_robot_settings.py::test_advanced_robot_name 
[device_cards] test_advanced_robot_name

🛑 'tests/app/device_cards/test_robot_settings.py::test_advanced_robot_name' failed
Pausing execution for debugging...
⚠️  Could not find a Playwright page to pause.
    You can still debug the console state.
ERROR
tests/app/device_cards/test_robot_settings.py::test_advanced_robot_server_version 
[device_cards] test_advanced_robot_server_version

🛑 'tests/app/device_cards/test_robot_settings.py::test_advanced_robot_server_version' failed
Pausing execution for debugging...
⚠️  Could not find a Playwright page to pause.
    You can still debug the console state.
ERROR
tests/app/device_cards/test_robot_settings.py::test_advanced_pause_on_door_open 
[device_cards] test_advanced_pause_on_door_open
SKIPPED
tests/app/device_cards/test_robot_settings.py::test_home_gantry_from_overview_overflow 
[device_cards] test_home_gantry_from_overview_overflow

🛑 'tests/app/device_cards/test_robot_settings.py::test_home_gantry_from_overview_overflow' failed
Pausing execution for debugging...
⚠️  Could not find a Playwright page to pause.
    You can still debug the console state.
ERROR
tests/app/device_cards/test_robot_settings.py::test_advanced_jupyter_notebook 
[device_cards] test_advanced_jupyter_notebook

🛑 'tests/app/device_cards/test_robot_settings.py::test_advanced_jupyter_notebook' failed
Pausing execution for debugging...
⚠️  Could not find a Playwright page to pause.
    You can still debug the console state.
ERROR
tests/app/device_cards/test_robot_settings.py::test_advanced_update_robot_software 
[device_cards] test_advanced_update_robot_software

🛑 'tests/app/device_cards/test_robot_settings.py::test_advanced_update_robot_software' failed
Pausing execution for debugging...
⚠️  Could not find a Playwright page to pause.
    You can still debug the console state.
ERROR
tests/app/device_cards/test_robot_settings.py::test_advanced_robot_server_reinstall 
[device_cards] test_advanced_robot_server_reinstall

🛑 'tests/app/device_cards/test_robot_settings.py::test_advanced_robot_server_reinstall' failed
Pausing execution for debugging...
⚠️  Could not find a Playwright page to pause.
    You can still debug the console state.
ERROR
tests/app/device_cards/test_robot_settings.py::test_analytics 
[device_cards] test_analytics

🛑 'tests/app/device_cards/test_robot_settings.py::test_analytics' failed
Pausing execution for debugging...
⚠️  Could not find a Playwright page to pause.
    You can still debug the console state.
ERROR
tests/app/device_cards/test_robot_settings_file_manager.py::test_diagnostic_files 
[device_cards] test_diagnostic_files

🛑 'tests/app/device_cards/test_robot_settings_file_manager.py::test_diagnostic_files' failed
Pausing execution for debugging...
⚠️  Could not find a Playwright page to pause.
    You can still debug the console state.
ERROR
tests/app/device_cards/test_robot_settings_file_manager.py::test_file_capacity 
[device_cards] test_file_capacity

🛑 'tests/app/device_cards/test_robot_settings_file_manager.py::test_file_capacity' failed
Pausing execution for debugging...
⚠️  Could not find a Playwright page to pause.
    You can still debug the console state.
ERROR
tests/app/device_cards/test_robot_settings_file_manager.py::test_protocol_run_records 
[device_cards] test_protocol_run_records

🛑 'tests/app/device_cards/test_robot_settings_file_manager.py::test_protocol_run_records' failed
Pausing execution for debugging...
⚠️  Could not find a Playwright page to pause.
    You can still debug the console state.
ERROR
tests/app/device_cards/test_cards.py::test_gripper_card 
[device_cards] test_gripper_card

🛑 'tests/app/device_cards/test_cards.py::test_gripper_card' failed
Pausing execution for debugging...
⚠️  Could not find a Playwright page to pause.
    You can still debug the console state.
ERROR
tests/app/device_cards/test_cards.py::test_heater_shaker_module_card 
[device_cards] test_heater_shaker_module_card

🛑 'tests/app/device_cards/test_cards.py::test_heater_shaker_module_card' failed
Pausing execution for debugging...
⚠️  Could not find a Playwright page to pause.
    You can still debug the console state.
ERROR
tests/app/device_cards/test_cards.py::test_left_pipette_card 
[device_cards] test_left_pipette_card

🛑 'tests/app/device_cards/test_cards.py::test_left_pipette_card' failed
Pausing execution for debugging...
⚠️  Could not find a Playwright page to pause.
    You can still debug the console state.
ERROR
tests/app/device_cards/test_cards.py::test_right_pipette_card 
[device_cards] test_right_pipette_card

🛑 'tests/app/device_cards/test_cards.py::test_right_pipette_card' failed
Pausing execution for debugging...
⚠️  Could not find a Playwright page to pause.
    You can still debug the console state.
ERROR
tests/app/device_cards/test_cards.py::test_robot_lights 
[device_cards] test_robot_lights

🛑 'tests/app/device_cards/test_cards.py::test_robot_lights' failed
Pausing execution for debugging...
⚠️  Could not find a Playwright page to pause.
    You can still debug the console state.
ERROR
tests/app/device_cards/test_cards.py::test_temperature_module_card 
[device_cards] test_temperature_module_card

🛑 'tests/app/device_cards/test_cards.py::test_temperature_module_card' failed
Pausing execution for debugging...
⚠️  Could not find a Playwright page to pause.
    You can still debug the console state.
ERROR
tests/app/device_cards/test_cards.py::test_thermocycler_module_card 
[device_cards] test_thermocycler_module_card

🛑 'tests/app/device_cards/test_cards.py::test_thermocycler_module_card' failed
Pausing execution for debugging...
⚠️  Could not find a Playwright page to pause.
    You can still debug the console state.
ERROR
tests/app/device_cards/test_deck_configuration.py::test_deck_configuration 
[device_cards] test_deck_configuration

🛑 'tests/app/device_cards/test_deck_configuration.py::test_deck_configuration' failed
Pausing execution for debugging...
⚠️  Could not find a Playwright page to pause.
    You can still debug the console state.
ERROR
tests/app/device_cards/test_run_history.py::test_run_history 
[device_cards] test_run_history

🛑 'tests/app/device_cards/test_run_history.py::test_run_history' failed
Pausing execution for debugging...
⚠️  Could not find a Playwright page to pause.
    You can still debug the console state.
ERROR
tests/app/nav/test_labware.py::test_labware_landing 
[nav] test_labware_landing

🛑 'tests/app/nav/test_labware.py::test_labware_landing' failed
Pausing execution for debugging...
⚠️  Could not find a Playwright page to pause.
    You can still debug the console state.
ERROR
tests/app/nav/test_protocols.py::test_protocol_detail_tabs 
[nav] test_protocol_detail_tabs

🛑 'tests/app/nav/test_protocols.py::test_protocol_detail_tabs' failed
Pausing execution for debugging...
⚠️  Could not find a Playwright page to pause.
    You can still debug the console state.
ERROR
tests/app/nav/test_protocols.py::test_protocol_opens_from_landing 
[nav] test_protocol_opens_from_landing

🛑 'tests/app/nav/test_protocols.py::test_protocol_opens_from_landing' failed
Pausing execution for debugging...
⚠️  Could not find a Playwright page to pause.
    You can still debug the console state.
ERROR
tests/app/nav/test_protocol_actions.py::test_protocol_delete_cancel 
[nav] test_protocol_delete_cancel

🛑 'tests/app/nav/test_protocol_actions.py::test_protocol_delete_cancel' failed
Pausing execution for debugging...
⚠️  Could not find a Playwright page to pause.
    You can still debug the console state.
ERROR
tests/app/nav/test_protocol_actions.py::test_protocol_reanalyze 
[nav] test_protocol_reanalyze

🛑 'tests/app/nav/test_protocol_actions.py::test_protocol_reanalyze' failed
Pausing execution for debugging...
⚠️  Could not find a Playwright page to pause.
    You can still debug the console state.
ERROR
tests/app/nav/test_protocol_actions.py::test_protocol_send_to_flex 
[nav] test_protocol_send_to_flex

🛑 'tests/app/nav/test_protocol_actions.py::test_protocol_send_to_flex' failed
Pausing execution for debugging...
⚠️  Could not find a Playwright page to pause.
    You can still debug the console state.
ERROR
tests/app/nav/test_protocol_actions.py::test_protocol_show_in_folder 
[nav] test_protocol_show_in_folder

🛑 'tests/app/nav/test_protocol_actions.py::test_protocol_show_in_folder' failed
Pausing execution for debugging...
⚠️  Could not find a Playwright page to pause.
    You can still debug the console state.
ERROR
tests/app/nav/test_app_settings.py::test_advanced_tab 
[nav] test_advanced_tab

🛑 'tests/app/nav/test_app_settings.py::test_advanced_tab' failed
Pausing execution for debugging...
⚠️  Could not find a Playwright page to pause.
    You can still debug the console state.
ERROR
tests/app/nav/test_app_settings.py::test_feature_flags_tab 
[nav] test_feature_flags_tab

🛑 'tests/app/nav/test_app_settings.py::test_feature_flags_tab' failed
Pausing execution for debugging...
⚠️  Could not find a Playwright page to pause.
    You can still debug the console state.
ERROR
tests/app/nav/test_app_settings.py::test_general_tab 
[nav] test_general_tab

🛑 'tests/app/nav/test_app_settings.py::test_general_tab' failed
Pausing execution for debugging...
⚠️  Could not find a Playwright page to pause.
    You can still debug the console state.
ERROR
tests/app/nav/test_app_settings.py::test_privacy_tab 
[nav] test_privacy_tab

🛑 'tests/app/nav/test_app_settings.py::test_privacy_tab' failed
Pausing execution for debugging...
⚠️  Could not find a Playwright page to pause.
    You can still debug the console state.
ERROR
tests/app/nav/test_app_settings_placeholders.py::test_app_language_round_trip 
[nav] test_app_language_round_trip
SKIPPED
tests/app/nav/test_app_settings_placeholders.py::test_protocol_source_download_preference 
[nav] test_protocol_source_download_preference

🛑 'tests/app/nav/test_app_settings_placeholders.py::test_protocol_source_download_preference' failed
Pausing execution for debugging...
⚠️  Could not find a Playwright page to pause.
    You can still debug the console state.
ERROR
tests/app/nav/test_protocol_run_tabs.py::test_protocol_run_header 
[nav] test_protocol_run_header

🛑 'tests/app/nav/test_protocol_run_tabs.py::test_protocol_run_header' failed
Pausing execution for debugging...
⚠️  Could not find a Playwright page to pause.
    You can still debug the console state.
ERROR
tests/app/nav/test_protocol_run_tabs.py::test_protocol_run_tabs 
[nav] test_protocol_run_tabs

🛑 'tests/app/nav/test_protocol_run_tabs.py::test_protocol_run_tabs' failed
Pausing execution for debugging...
⚠️  Could not find a Playwright page to pause.
    You can still debug the console state.
ERROR
tests/app/nav/test_run_setup.py::test_run_setup_step[Camera] 
[nav] test_run_setup_step[Camera]

🛑 'tests/app/nav/test_run_setup.py::test_run_setup_step[Camera]' failed
Pausing execution for debugging...
⚠️  Could not find a Playwright page to pause.
    You can still debug the console state.
ERROR
tests/app/nav/test_run_setup.py::test_run_setup_step[Deck Hardware] 
[nav] test_run_setup_step[Deck Hardware]

🛑 'tests/app/nav/test_run_setup.py::test_run_setup_step[Deck Hardware]' failed
Pausing execution for debugging...
⚠️  Could not find a Playwright page to pause.
    You can still debug the console state.
ERROR
tests/app/nav/test_run_setup.py::test_run_setup_step[Instruments] 
[nav] test_run_setup_step[Instruments]

🛑 'tests/app/nav/test_run_setup.py::test_run_setup_step[Instruments]' failed
Pausing execution for debugging...
⚠️  Could not find a Playwright page to pause.
    You can still debug the console state.
ERROR
tests/app/nav/test_run_setup.py::test_run_setup_step[Labware & Liquids] 
[nav] test_run_setup_step[Labware & Liquids]

🛑 'tests/app/nav/test_run_setup.py::test_run_setup_step[Labware & Liquids]' failed
Pausing execution for debugging...
⚠️  Could not find a Playwright page to pause.
    You can still debug the console state.
ERROR
tests/app/nav/test_run_setup.py::test_run_setup_step[Labware Offsets] 
[nav] test_run_setup_step[Labware Offsets]

🛑 'tests/app/nav/test_run_setup.py::test_run_setup_step[Labware Offsets]' failed
Pausing execution for debugging...
⚠️  Could not find a Playwright page to pause.
    You can still debug the console state.
ERROR

==================================== ERRORS ====================================
____________ ERROR at setup of test_robot_detail_from_devices_list _____________
E   httpx.HTTPStatusError: Client error '403 Forbidden' for url 'http://10.14.19.194:31950/health'
    For more information check: https://developer.mozilla.org/en-US/docs/Web/HTTP/Status/403
______________________ ERROR at setup of test_networking _______________________
E   httpx.HTTPStatusError: Client error '403 Forbidden' for url 'http://10.14.19.194:31950/health'
    For more information check: https://developer.mozilla.org/en-US/docs/Web/HTTP/Status/403
________________________ ERROR at setup of test_privacy ________________________
E   httpx.HTTPStatusError: Client error '403 Forbidden' for url 'http://10.14.19.194:31950/health'
    For more information check: https://developer.mozilla.org/en-US/docs/Web/HTTP/Status/403
__________________ ERROR at setup of test_advanced_robot_name __________________
E   httpx.HTTPStatusError: Client error '403 Forbidden' for url 'http://10.14.19.194:31950/health'
    For more information check: https://developer.mozilla.org/en-US/docs/Web/HTTP/Status/403
_____________ ERROR at setup of test_advanced_robot_server_version _____________
E   httpx.HTTPStatusError: Client error '403 Forbidden' for url 'http://10.14.19.194:31950/health'
    For more information check: https://developer.mozilla.org/en-US/docs/Web/HTTP/Status/403
__________ ERROR at setup of test_home_gantry_from_overview_overflow ___________
E   httpx.HTTPStatusError: Client error '403 Forbidden' for url 'http://10.14.19.194:31950/health'
    For more information check: https://developer.mozilla.org/en-US/docs/Web/HTTP/Status/403
_______________ ERROR at setup of test_advanced_jupyter_notebook _______________
E   httpx.HTTPStatusError: Client error '403 Forbidden' for url 'http://10.14.19.194:31950/health'
    For more information check: https://developer.mozilla.org/en-US/docs/Web/HTTP/Status/403
____________ ERROR at setup of test_advanced_update_robot_software _____________
E   httpx.HTTPStatusError: Client error '403 Forbidden' for url 'http://10.14.19.194:31950/health'
    For more information check: https://developer.mozilla.org/en-US/docs/Web/HTTP/Status/403
____________ ERROR at setup of test_advanced_robot_server_reinstall ____________
E   httpx.HTTPStatusError: Client error '403 Forbidden' for url 'http://10.14.19.194:31950/health'
    For more information check: https://developer.mozilla.org/en-US/docs/Web/HTTP/Status/403
_______________________ ERROR at setup of test_analytics _______________________
E   httpx.HTTPStatusError: Client error '403 Forbidden' for url 'http://10.14.19.194:31950/health'
    For more information check: https://developer.mozilla.org/en-US/docs/Web/HTTP/Status/403
___________________ ERROR at setup of test_diagnostic_files ____________________
E   httpx.HTTPStatusError: Client error '403 Forbidden' for url 'http://10.14.19.194:31950/health'
    For more information check: https://developer.mozilla.org/en-US/docs/Web/HTTP/Status/403
_____________________ ERROR at setup of test_file_capacity _____________________
E   httpx.HTTPStatusError: Client error '403 Forbidden' for url 'http://10.14.19.194:31950/health'
    For more information check: https://developer.mozilla.org/en-US/docs/Web/HTTP/Status/403
_________________ ERROR at setup of test_protocol_run_records __________________
E   httpx.HTTPStatusError: Client error '403 Forbidden' for url 'http://10.14.19.194:31950/health'
    For more information check: https://developer.mozilla.org/en-US/docs/Web/HTTP/Status/403
_____________________ ERROR at setup of test_gripper_card ______________________
E   httpx.HTTPStatusError: Client error '403 Forbidden' for url 'http://10.14.19.194:31950/health'
    For more information check: https://developer.mozilla.org/en-US/docs/Web/HTTP/Status/403
_______________ ERROR at setup of test_heater_shaker_module_card _______________
E   httpx.HTTPStatusError: Client error '403 Forbidden' for url 'http://10.14.19.194:31950/health'
    For more information check: https://developer.mozilla.org/en-US/docs/Web/HTTP/Status/403
___________________ ERROR at setup of test_left_pipette_card ___________________
E   httpx.HTTPStatusError: Client error '403 Forbidden' for url 'http://10.14.19.194:31950/health'
    For more information check: https://developer.mozilla.org/en-US/docs/Web/HTTP/Status/403
__________________ ERROR at setup of test_right_pipette_card ___________________
E   httpx.HTTPStatusError: Client error '403 Forbidden' for url 'http://10.14.19.194:31950/health'
    For more information check: https://developer.mozilla.org/en-US/docs/Web/HTTP/Status/403
_____________________ ERROR at setup of test_robot_lights ______________________
E   httpx.HTTPStatusError: Client error '403 Forbidden' for url 'http://10.14.19.194:31950/health'
    For more information check: https://developer.mozilla.org/en-US/docs/Web/HTTP/Status/403
________________ ERROR at setup of test_temperature_module_card ________________
E   httpx.HTTPStatusError: Client error '403 Forbidden' for url 'http://10.14.19.194:31950/health'
    For more information check: https://developer.mozilla.org/en-US/docs/Web/HTTP/Status/403
_______________ ERROR at setup of test_thermocycler_module_card ________________
E   httpx.HTTPStatusError: Client error '403 Forbidden' for url 'http://10.14.19.194:31950/health'
    For more information check: https://developer.mozilla.org/en-US/docs/Web/HTTP/Status/403
__________________ ERROR at setup of test_deck_configuration ___________________
E   httpx.HTTPStatusError: Client error '403 Forbidden' for url 'http://10.14.19.194:31950/health'
    For more information check: https://developer.mozilla.org/en-US/docs/Web/HTTP/Status/403
______________________ ERROR at setup of test_run_history ______________________
E   httpx.HTTPStatusError: Client error '403 Forbidden' for url 'http://10.14.19.194:31950/health'
    For more information check: https://developer.mozilla.org/en-US/docs/Web/HTTP/Status/403
____________________ ERROR at setup of test_labware_landing ____________________
E   httpx.HTTPStatusError: Client error '403 Forbidden' for url 'http://10.14.19.194:31950/health'
    For more information check: https://developer.mozilla.org/en-US/docs/Web/HTTP/Status/403
_________________ ERROR at setup of test_protocol_detail_tabs __________________
E   httpx.HTTPStatusError: Client error '403 Forbidden' for url 'http://10.14.19.194:31950/health'
    For more information check: https://developer.mozilla.org/en-US/docs/Web/HTTP/Status/403
______________ ERROR at setup of test_protocol_opens_from_landing ______________
E   httpx.HTTPStatusError: Client error '403 Forbidden' for url 'http://10.14.19.194:31950/health'
    For more information check: https://developer.mozilla.org/en-US/docs/Web/HTTP/Status/403
________________ ERROR at setup of test_protocol_delete_cancel _________________
E   httpx.HTTPStatusError: Client error '403 Forbidden' for url 'http://10.14.19.194:31950/health'
    For more information check: https://developer.mozilla.org/en-US/docs/Web/HTTP/Status/403
__________________ ERROR at setup of test_protocol_reanalyze ___________________
E   httpx.HTTPStatusError: Client error '403 Forbidden' for url 'http://10.14.19.194:31950/health'
    For more information check: https://developer.mozilla.org/en-US/docs/Web/HTTP/Status/403
_________________ ERROR at setup of test_protocol_send_to_flex _________________
E   httpx.HTTPStatusError: Client error '403 Forbidden' for url 'http://10.14.19.194:31950/health'
    For more information check: https://developer.mozilla.org/en-US/docs/Web/HTTP/Status/403
________________ ERROR at setup of test_protocol_show_in_folder ________________
E   httpx.HTTPStatusError: Client error '403 Forbidden' for url 'http://10.14.19.194:31950/health'
    For more information check: https://developer.mozilla.org/en-US/docs/Web/HTTP/Status/403
_____________________ ERROR at setup of test_advanced_tab ______________________
E   httpx.HTTPStatusError: Client error '403 Forbidden' for url 'http://10.14.19.194:31950/health'
    For more information check: https://developer.mozilla.org/en-US/docs/Web/HTTP/Status/403
___________________ ERROR at setup of test_feature_flags_tab ___________________
E   httpx.HTTPStatusError: Client error '403 Forbidden' for url 'http://10.14.19.194:31950/health'
    For more information check: https://developer.mozilla.org/en-US/docs/Web/HTTP/Status/403
______________________ ERROR at setup of test_general_tab ______________________
E   httpx.HTTPStatusError: Client error '403 Forbidden' for url 'http://10.14.19.194:31950/health'
    For more information check: https://developer.mozilla.org/en-US/docs/Web/HTTP/Status/403
______________________ ERROR at setup of test_privacy_tab ______________________
E   httpx.HTTPStatusError: Client error '403 Forbidden' for url 'http://10.14.19.194:31950/health'
    For more information check: https://developer.mozilla.org/en-US/docs/Web/HTTP/Status/403
__________ ERROR at setup of test_protocol_source_download_preference __________
E   httpx.HTTPStatusError: Client error '403 Forbidden' for url 'http://10.14.19.194:31950/health'
    For more information check: https://developer.mozilla.org/en-US/docs/Web/HTTP/Status/403
__________________ ERROR at setup of test_protocol_run_header __________________
E   httpx.HTTPStatusError: Client error '403 Forbidden' for url 'http://10.14.19.194:31950/health'
    For more information check: https://developer.mozilla.org/en-US/docs/Web/HTTP/Status/403
___________________ ERROR at setup of test_protocol_run_tabs ___________________
E   httpx.HTTPStatusError: Client error '403 Forbidden' for url 'http://10.14.19.194:31950/health'
    For more information check: https://developer.mozilla.org/en-US/docs/Web/HTTP/Status/403
________________ ERROR at setup of test_run_setup_step[Camera] _________________
E   httpx.HTTPStatusError: Client error '403 Forbidden' for url 'http://10.14.19.194:31950/health'
    For more information check: https://developer.mozilla.org/en-US/docs/Web/HTTP/Status/403
_____________ ERROR at setup of test_run_setup_step[Deck Hardware] _____________
E   httpx.HTTPStatusError: Client error '403 Forbidden' for url 'http://10.14.19.194:31950/health'
    For more information check: https://developer.mozilla.org/en-US/docs/Web/HTTP/Status/403
______________ ERROR at setup of test_run_setup_step[Instruments] ______________
E   httpx.HTTPStatusError: Client error '403 Forbidden' for url 'http://10.14.19.194:31950/health'
    For more information check: https://developer.mozilla.org/en-US/docs/Web/HTTP/Status/403
___________ ERROR at setup of test_run_setup_step[Labware & Liquids] ___________
E   httpx.HTTPStatusError: Client error '403 Forbidden' for url 'http://10.14.19.194:31950/health'
    For more information check: https://developer.mozilla.org/en-US/docs/Web/HTTP/Status/403
____________ ERROR at setup of test_run_setup_step[Labware Offsets] ____________
E   httpx.HTTPStatusError: Client error '403 Forbidden' for url 'http://10.14.19.194:31950/health'
    For more information check: https://developer.mozilla.org/en-US/docs/Web/HTTP/Status/403
- generated xml file: /Users/alexcopperman/Downloads/Opentrons_General/opentrons-app-e2e/artifacts/prelim-review-junit.xml -
- Generated html report: file:///Users/alexcopperman/Downloads/Opentrons_General/opentrons-app-e2e/test-results/report.html -
=========================== short test summary info ============================
ERROR tests/app/device_cards/test_devices_nav.py::test_robot_detail_from_devices_list - httpx.HTTPStatusError: Client error '403 Forbidden' for url 'http://10.14.19.194:31950/health'
For more information check: https://developer.mozilla.org/en-US/docs/Web/HTTP/Status/403
ERROR tests/app/device_cards/test_robot_settings.py::test_networking - httpx.HTTPStatusError: Client error '403 Forbidden' for url 'http://10.14.19.194:31950/health'
For more information check: https://developer.mozilla.org/en-US/docs/Web/HTTP/Status/403
ERROR tests/app/device_cards/test_robot_settings.py::test_privacy - httpx.HTTPStatusError: Client error '403 Forbidden' for url 'http://10.14.19.194:31950/health'
For more information check: https://developer.mozilla.org/en-US/docs/Web/HTTP/Status/403
ERROR tests/app/device_cards/test_robot_settings.py::test_advanced_robot_name - httpx.HTTPStatusError: Client error '403 Forbidden' for url 'http://10.14.19.194:31950/health'
For more information check: https://developer.mozilla.org/en-US/docs/Web/HTTP/Status/403
ERROR tests/app/device_cards/test_robot_settings.py::test_advanced_robot_server_version - httpx.HTTPStatusError: Client error '403 Forbidden' for url 'http://10.14.19.194:31950/health'
For more information check: https://developer.mozilla.org/en-US/docs/Web/HTTP/Status/403
ERROR tests/app/device_cards/test_robot_settings.py::test_home_gantry_from_overview_overflow - httpx.HTTPStatusError: Client error '403 Forbidden' for url 'http://10.14.19.194:31950/health'
For more information check: https://developer.mozilla.org/en-US/docs/Web/HTTP/Status/403
ERROR tests/app/device_cards/test_robot_settings.py::test_advanced_jupyter_notebook - httpx.HTTPStatusError: Client error '403 Forbidden' for url 'http://10.14.19.194:31950/health'
For more information check: https://developer.mozilla.org/en-US/docs/Web/HTTP/Status/403
ERROR tests/app/device_cards/test_robot_settings.py::test_advanced_update_robot_software - httpx.HTTPStatusError: Client error '403 Forbidden' for url 'http://10.14.19.194:31950/health'
For more information check: https://developer.mozilla.org/en-US/docs/Web/HTTP/Status/403
ERROR tests/app/device_cards/test_robot_settings.py::test_advanced_robot_server_reinstall - httpx.HTTPStatusError: Client error '403 Forbidden' for url 'http://10.14.19.194:31950/health'
For more information check: https://developer.mozilla.org/en-US/docs/Web/HTTP/Status/403
ERROR tests/app/device_cards/test_robot_settings.py::test_analytics - httpx.HTTPStatusError: Client error '403 Forbidden' for url 'http://10.14.19.194:31950/health'
For more information check: https://developer.mozilla.org/en-US/docs/Web/HTTP/Status/403
ERROR tests/app/device_cards/test_robot_settings_file_manager.py::test_diagnostic_files - httpx.HTTPStatusError: Client error '403 Forbidden' for url 'http://10.14.19.194:31950/health'
For more information check: https://developer.mozilla.org/en-US/docs/Web/HTTP/Status/403
ERROR tests/app/device_cards/test_robot_settings_file_manager.py::test_file_capacity - httpx.HTTPStatusError: Client error '403 Forbidden' for url 'http://10.14.19.194:31950/health'
For more information check: https://developer.mozilla.org/en-US/docs/Web/HTTP/Status/403
ERROR tests/app/device_cards/test_robot_settings_file_manager.py::test_protocol_run_records - httpx.HTTPStatusError: Client error '403 Forbidden' for url 'http://10.14.19.194:31950/health'
For more information check: https://developer.mozilla.org/en-US/docs/Web/HTTP/Status/403
ERROR tests/app/device_cards/test_cards.py::test_gripper_card - httpx.HTTPStatusError: Client error '403 Forbidden' for url 'http://10.14.19.194:31950/health'
For more information check: https://developer.mozilla.org/en-US/docs/Web/HTTP/Status/403
ERROR tests/app/device_cards/test_cards.py::test_heater_shaker_module_card - httpx.HTTPStatusError: Client error '403 Forbidden' for url 'http://10.14.19.194:31950/health'
For more information check: https://developer.mozilla.org/en-US/docs/Web/HTTP/Status/403
ERROR tests/app/device_cards/test_cards.py::test_left_pipette_card - httpx.HTTPStatusError: Client error '403 Forbidden' for url 'http://10.14.19.194:31950/health'
For more information check: https://developer.mozilla.org/en-US/docs/Web/HTTP/Status/403
ERROR tests/app/device_cards/test_cards.py::test_right_pipette_card - httpx.HTTPStatusError: Client error '403 Forbidden' for url 'http://10.14.19.194:31950/health'
For more information check: https://developer.mozilla.org/en-US/docs/Web/HTTP/Status/403
ERROR tests/app/device_cards/test_cards.py::test_robot_lights - httpx.HTTPStatusError: Client error '403 Forbidden' for url 'http://10.14.19.194:31950/health'
For more information check: https://developer.mozilla.org/en-US/docs/Web/HTTP/Status/403
ERROR tests/app/device_cards/test_cards.py::test_temperature_module_card - httpx.HTTPStatusError: Client error '403 Forbidden' for url 'http://10.14.19.194:31950/health'
For more information check: https://developer.mozilla.org/en-US/docs/Web/HTTP/Status/403
ERROR tests/app/device_cards/test_cards.py::test_thermocycler_module_card - httpx.HTTPStatusError: Client error '403 Forbidden' for url 'http://10.14.19.194:31950/health'
For more information check: https://developer.mozilla.org/en-US/docs/Web/HTTP/Status/403
ERROR tests/app/device_cards/test_deck_configuration.py::test_deck_configuration - httpx.HTTPStatusError: Client error '403 Forbidden' for url 'http://10.14.19.194:31950/health'
For more information check: https://developer.mozilla.org/en-US/docs/Web/HTTP/Status/403
ERROR tests/app/device_cards/test_run_history.py::test_run_history - httpx.HTTPStatusError: Client error '403 Forbidden' for url 'http://10.14.19.194:31950/health'
For more information check: https://developer.mozilla.org/en-US/docs/Web/HTTP/Status/403
ERROR tests/app/nav/test_labware.py::test_labware_landing - httpx.HTTPStatusError: Client error '403 Forbidden' for url 'http://10.14.19.194:31950/health'
For more information check: https://developer.mozilla.org/en-US/docs/Web/HTTP/Status/403
ERROR tests/app/nav/test_protocols.py::test_protocol_detail_tabs - httpx.HTTPStatusError: Client error '403 Forbidden' for url 'http://10.14.19.194:31950/health'
For more information check: https://developer.mozilla.org/en-US/docs/Web/HTTP/Status/403
ERROR tests/app/nav/test_protocols.py::test_protocol_opens_from_landing - httpx.HTTPStatusError: Client error '403 Forbidden' for url 'http://10.14.19.194:31950/health'
For more information check: https://developer.mozilla.org/en-US/docs/Web/HTTP/Status/403
ERROR tests/app/nav/test_protocol_actions.py::test_protocol_delete_cancel - httpx.HTTPStatusError: Client error '403 Forbidden' for url 'http://10.14.19.194:31950/health'
For more information check: https://developer.mozilla.org/en-US/docs/Web/HTTP/Status/403
ERROR tests/app/nav/test_protocol_actions.py::test_protocol_reanalyze - httpx.HTTPStatusError: Client error '403 Forbidden' for url 'http://10.14.19.194:31950/health'
For more information check: https://developer.mozilla.org/en-US/docs/Web/HTTP/Status/403
ERROR tests/app/nav/test_protocol_actions.py::test_protocol_send_to_flex - httpx.HTTPStatusError: Client error '403 Forbidden' for url 'http://10.14.19.194:31950/health'
For more information check: https://developer.mozilla.org/en-US/docs/Web/HTTP/Status/403
ERROR tests/app/nav/test_protocol_actions.py::test_protocol_show_in_folder - httpx.HTTPStatusError: Client error '403 Forbidden' for url 'http://10.14.19.194:31950/health'
For more information check: https://developer.mozilla.org/en-US/docs/Web/HTTP/Status/403
ERROR tests/app/nav/test_app_settings.py::test_advanced_tab - httpx.HTTPStatusError: Client error '403 Forbidden' for url 'http://10.14.19.194:31950/health'
For more information check: https://developer.mozilla.org/en-US/docs/Web/HTTP/Status/403
ERROR tests/app/nav/test_app_settings.py::test_feature_flags_tab - httpx.HTTPStatusError: Client error '403 Forbidden' for url 'http://10.14.19.194:31950/health'
For more information check: https://developer.mozilla.org/en-US/docs/Web/HTTP/Status/403
ERROR tests/app/nav/test_app_settings.py::test_general_tab - httpx.HTTPStatusError: Client error '403 Forbidden' for url 'http://10.14.19.194:31950/health'
For more information check: https://developer.mozilla.org/en-US/docs/Web/HTTP/Status/403
ERROR tests/app/nav/test_app_settings.py::test_privacy_tab - httpx.HTTPStatusError: Client error '403 Forbidden' for url 'http://10.14.19.194:31950/health'
For more information check: https://developer.mozilla.org/en-US/docs/Web/HTTP/Status/403
ERROR tests/app/nav/test_app_settings_placeholders.py::test_protocol_source_download_preference - httpx.HTTPStatusError: Client error '403 Forbidden' for url 'http://10.14.19.194:31950/health'
For more information check: https://developer.mozilla.org/en-US/docs/Web/HTTP/Status/403
ERROR tests/app/nav/test_protocol_run_tabs.py::test_protocol_run_header - httpx.HTTPStatusError: Client error '403 Forbidden' for url 'http://10.14.19.194:31950/health'
For more information check: https://developer.mozilla.org/en-US/docs/Web/HTTP/Status/403
ERROR tests/app/nav/test_protocol_run_tabs.py::test_protocol_run_tabs - httpx.HTTPStatusError: Client error '403 Forbidden' for url 'http://10.14.19.194:31950/health'
For more information check: https://developer.mozilla.org/en-US/docs/Web/HTTP/Status/403
ERROR tests/app/nav/test_run_setup.py::test_run_setup_step[Camera] - httpx.HTTPStatusError: Client error '403 Forbidden' for url 'http://10.14.19.194:31950/health'
For more information check: https://developer.mozilla.org/en-US/docs/Web/HTTP/Status/403
ERROR tests/app/nav/test_run_setup.py::test_run_setup_step[Deck Hardware] - httpx.HTTPStatusError: Client error '403 Forbidden' for url 'http://10.14.19.194:31950/health'
For more information check: https://developer.mozilla.org/en-US/docs/Web/HTTP/Status/403
ERROR tests/app/nav/test_run_setup.py::test_run_setup_step[Instruments] - httpx.HTTPStatusError: Client error '403 Forbidden' for url 'http://10.14.19.194:31950/health'
For more information check: https://developer.mozilla.org/en-US/docs/Web/HTTP/Status/403
ERROR tests/app/nav/test_run_setup.py::test_run_setup_step[Labware & Liquids] - httpx.HTTPStatusError: Client error '403 Forbidden' for url 'http://10.14.19.194:31950/health'
For more information check: https://developer.mozilla.org/en-US/docs/Web/HTTP/Status/403
ERROR tests/app/nav/test_run_setup.py::test_run_setup_step[Labware Offsets] - httpx.HTTPStatusError: Client error '403 Forbidden' for url 'http://10.14.19.194:31950/health'
For more information check: https://developer.mozilla.org/en-US/docs/Web/HTTP/Status/403
================= 2 skipped, 3 deselected, 41 errors in 0.16s ==================
