<?xml version="1.0" encoding="utf-8"?><testsuites name="pytest tests"><testsuite name="pytest" errors="41" failures="0" skipped="2" tests="43" time="0.157" timestamp="2026-08-29T00:24:08.366635-04:00" hostname="WS-GCWH24CFCF"><testcase classname="tests.app.device_cards.test_devices_nav" name="test_robot_detail_from_devices_list" time="0.052"><error message="failed on setup with &quot;httpx.HTTPStatusError: Client error '403 Forbidden' for url 'http://10.14.19.194:31950/health'&#10;For more information check: https://developer.mozilla.org/en-US/docs/Web/HTTP/Status/403&quot;">E   httpx.HTTPStatusError: Client error '403 Forbidden' for url 'http://10.14.19.194:31950/health'
    For more information check: https://developer.mozilla.org/en-US/docs/Web/HTTP/Status/403</error></testcase><testcase classname="tests.app.device_cards.test_robot_settings" name="test_networking" time="0.000"><error message="failed on setup with &quot;httpx.HTTPStatusError: Client error '403 Forbidden' for url 'http://10.14.19.194:31950/health'&#10;For more information check: https://developer.mozilla.org/en-US/docs/Web/HTTP/Status/403&quot;">E   httpx.HTTPStatusError: Client error '403 Forbidden' for url 'http://10.14.19.194:31950/health'
    For more information check: https://developer.mozilla.org/en-US/docs/Web/HTTP/Status/403</error></testcase><testcase classname="tests.app.device_cards.test_robot_settings" name="test_privacy" time="0.000"><error message="failed on setup with &quot;httpx.HTTPStatusError: Client error '403 Forbidden' for url 'http://10.14.19.194:31950/health'&#10;For more information check: https://developer.mozilla.org/en-US/docs/Web/HTTP/Status/403&quot;">E   httpx.HTTPStatusError: Client error '403 Forbidden' for url 'http://10.14.19.194:31950/health'
    For more information check: https://developer.mozilla.org/en-US/docs/Web/HTTP/Status/403</error></testcase><testcase classname="tests.app.device_cards.test_robot_settings" name="test_advanced_robot_name" time="0.000"><error message="failed on setup with &quot;httpx.HTTPStatusError: Client error '403 Forbidden' for url 'http://10.14.19.194:31950/health'&#10;For more information check: https://developer.mozilla.org/en-US/docs/Web/HTTP/Status/403&quot;">E   httpx.HTTPStatusError: Client error '403 Forbidden' for url 'http://10.14.19.194:31950/health'
    For more information check: https://developer.mozilla.org/en-US/docs/Web/HTTP/Status/403</error></testcase><testcase classname="tests.app.device_cards.test_robot_settings" name="test_advanced_robot_server_version" time="0.000"><error message="failed on setup with &quot;httpx.HTTPStatusError: Client error '403 Forbidden' for url 'http://10.14.19.194:31950/health'&#10;For more information check: https://developer.mozilla.org/en-US/docs/Web/HTTP/Status/403&quot;">E   httpx.HTTPStatusError: Client error '403 Forbidden' for url 'http://10.14.19.194:31950/health'
    For more information check: https://developer.mozilla.org/en-US/docs/Web/HTTP/Status/403</error></testcase><testcase classname="tests.app.device_cards.test_robot_settings" name="test_advanced_pause_on_door_open" time="0.000"><skipped type="pytest.skip" message="TODO(T69751): OT-2 only — pause on door open not exercised on Flex">/Users/alexcopperman/Downloads/Opentrons_General/opentrons-app-e2e/tests/app/device_cards/test_robot_settings.py:118: TODO(T69751): OT-2 only — pause on door open not exercised on Flex</skipped></testcase><testcase classname="tests.app.device_cards.test_robot_settings" name="test_home_gantry_from_overview_overflow" time="0.000"><error message="failed on setup with &quot;httpx.HTTPStatusError: Client error '403 Forbidden' for url 'http://10.14.19.194:31950/health'&#10;For more information check: https://developer.mozilla.org/en-US/docs/Web/HTTP/Status/403&quot;">E   httpx.HTTPStatusError: Client error '403 Forbidden' for url 'http://10.14.19.194:31950/health'
    For more information check: https://developer.mozilla.org/en-US/docs/Web/HTTP/Status/403</error></testcase><testcase classname="tests.app.device_cards.test_robot_settings" name="test_advanced_jupyter_notebook" time="0.000"><error message="failed on setup with &quot;httpx.HTTPStatusError: Client error '403 Forbidden' for url 'http://10.14.19.194:31950/health'&#10;For more information check: https://developer.mozilla.org/en-US/docs/Web/HTTP/Status/403&quot;">E   httpx.HTTPStatusError: Client error '403 Forbidden' for url 'http://10.14.19.194:31950/health'
    For more information check: https://developer.mozilla.org/en-US/docs/Web/HTTP/Status/403</error></testcase><testcase classname="tests.app.device_cards.test_robot_settings" name="test_advanced_update_robot_software" time="0.000"><error message="failed on setup with &quot;httpx.HTTPStatusError: Client error '403 Forbidden' for url 'http://10.14.19.194:31950/health'&#10;For more information check: https://developer.mozilla.org/en-US/docs/Web/HTTP/Status/403&quot;">E   httpx.HTTPStatusError: Client error '403 Forbidden' for url 'http://10.14.19.194:31950/health'
    For more information check: https://developer.mozilla.org/en-US/docs/Web/HTTP/Status/403</error></testcase><testcase classname="tests.app.device_cards.test_robot_settings" name="test_advanced_robot_server_reinstall" time="0.000"><error message="failed on setup with &quot;httpx.HTTPStatusError: Client error '403 Forbidden' for url 'http://10.14.19.194:31950/health'&#10;For more information check: https://developer.mozilla.org/en-US/docs/Web/HTTP/Status/403&quot;">E   httpx.HTTPStatusError: Client error '403 Forbidden' for url 'http://10.14.19.194:31950/health'
    For more information check: https://developer.mozilla.org/en-US/docs/Web/HTTP/Status/403</error></testcase><testcase classname="tests.app.device_cards.test_robot_settings" name="test_analytics" time="0.000"><error message="failed on setup with &quot;httpx.HTTPStatusError: Client error '403 Forbidden' for url 'http://10.14.19.194:31950/health'&#10;For more information check: https://developer.mozilla.org/en-US/docs/Web/HTTP/Status/403&quot;">E   httpx.HTTPStatusError: Client error '403 Forbidden' for url 'http://10.14.19.194:31950/health'
    For more information check: https://developer.mozilla.org/en-US/docs/Web/HTTP/Status/403</error></testcase><testcase classname="tests.app.device_cards.test_robot_settings_file_manager" name="test_diagnostic_files" time="0.000"><error message="failed on setup with &quot;httpx.HTTPStatusError: Client error '403 Forbidden' for url 'http://10.14.19.194:31950/health'&#10;For more information check: https://developer.mozilla.org/en-US/docs/Web/HTTP/Status/403&quot;">E   httpx.HTTPStatusError: Client error '403 Forbidden' for url 'http://10.14.19.194:31950/health'
    For more information check: https://developer.mozilla.org/en-US/docs/Web/HTTP/Status/403</error></testcase><testcase classname="tests.app.device_cards.test_robot_settings_file_manager" name="test_file_capacity" time="0.000"><error message="failed on setup with &quot;httpx.HTTPStatusError: Client error '403 Forbidden' for url 'http://10.14.19.194:31950/health'&#10;For more information check: https://developer.mozilla.org/en-US/docs/Web/HTTP/Status/403&quot;">E   httpx.HTTPStatusError: Client error '403 Forbidden' for url 'http://10.14.19.194:31950/health'
    For more information check: https://developer.mozilla.org/en-US/docs/Web/HTTP/Status/403</error></testcase><testcase classname="tests.app.device_cards.test_robot_settings_file_manager" name="test_protocol_run_records" time="0.000"><error message="failed on setup with &quot;httpx.HTTPStatusError: Client error '403 Forbidden' for url 'http://10.14.19.194:31950/health'&#10;For more information check: https://developer.mozilla.org/en-US/docs/Web/HTTP/Status/403&quot;">E   httpx.HTTPStatusError: Client error '403 Forbidden' for url 'http://10.14.19.194:31950/health'
    For more information check: https://developer.mozilla.org/en-US/docs/Web/HTTP/Status/403</error></testcase><testcase classname="tests.app.device_cards.test_cards" name="test_gripper_card" time="0.000"><error message="failed on setup with &quot;httpx.HTTPStatusError: Client error '403 Forbidden' for url 'http://10.14.19.194:31950/health'&#10;For more information check: https://developer.mozilla.org/en-US/docs/Web/HTTP/Status/403&quot;">E   httpx.HTTPStatusError: Client error '403 Forbidden' for url 'http://10.14.19.194:31950/health'
    For more information check: https://developer.mozilla.org/en-US/docs/Web/HTTP/Status/403</error></testcase><testcase classname="tests.app.device_cards.test_cards" name="test_heater_shaker_module_card" time="0.000"><error message="failed on setup with &quot;httpx.HTTPStatusError: Client error '403 Forbidden' for url 'http://10.14.19.194:31950/health'&#10;For more information check: https://developer.mozilla.org/en-US/docs/Web/HTTP/Status/403&quot;">E   httpx.HTTPStatusError: Client error '403 Forbidden' for url 'http://10.14.19.194:31950/health'
    For more information check: https://developer.mozilla.org/en-US/docs/Web/HTTP/Status/403</error></testcase><testcase classname="tests.app.device_cards.test_cards" name="test_left_pipette_card" time="0.000"><error message="failed on setup with &quot;httpx.HTTPStatusError: Client error '403 Forbidden' for url 'http://10.14.19.194:31950/health'&#10;For more information check: https://developer.mozilla.org/en-US/docs/Web/HTTP/Status/403&quot;">E   httpx.HTTPStatusError: Client error '403 Forbidden' for url 'http://10.14.19.194:31950/health'
    For more information check: https://developer.mozilla.org/en-US/docs/Web/HTTP/Status/403</error></testcase><testcase classname="tests.app.device_cards.test_cards" name="test_right_pipette_card" time="0.000"><error message="failed on setup with &quot;httpx.HTTPStatusError: Client error '403 Forbidden' for url 'http://10.14.19.194:31950/health'&#10;For more information check: https://developer.mozilla.org/en-US/docs/Web/HTTP/Status/403&quot;">E   httpx.HTTPStatusError: Client error '403 Forbidden' for url 'http://10.14.19.194:31950/health'
    For more information check: https://developer.mozilla.org/en-US/docs/Web/HTTP/Status/403</error></testcase><testcase classname="tests.app.device_cards.test_cards" name="test_robot_lights" time="0.000"><error message="failed on setup with &quot;httpx.HTTPStatusError: Client error '403 Forbidden' for url 'http://10.14.19.194:31950/health'&#10;For more information check: https://developer.mozilla.org/en-US/docs/Web/HTTP/Status/403&quot;">E   httpx.HTTPStatusError: Client error '403 Forbidden' for url 'http://10.14.19.194:31950/health'
    For more information check: https://developer.mozilla.org/en-US/docs/Web/HTTP/Status/403</error></testcase><testcase classname="tests.app.device_cards.test_cards" name="test_temperature_module_card" time="0.000"><error message="failed on setup with &quot;httpx.HTTPStatusError: Client error '403 Forbidden' for url 'http://10.14.19.194:31950/health'&#10;For more information check: https://developer.mozilla.org/en-US/docs/Web/HTTP/Status/403&quot;">E   httpx.HTTPStatusError: Client error '403 Forbidden' for url 'http://10.14.19.194:31950/health'
    For more information check: https://developer.mozilla.org/en-US/docs/Web/HTTP/Status/403</error></testcase><testcase classname="tests.app.device_cards.test_cards" name="test_thermocycler_module_card" time="0.000"><error message="failed on setup with &quot;httpx.HTTPStatusError: Client error '403 Forbidden' for url 'http://10.14.19.194:31950/health'&#10;For more information check: https://developer.mozilla.org/en-US/docs/Web/HTTP/Status/403&quot;">E   httpx.HTTPStatusError: Client error '403 Forbidden' for url 'http://10.14.19.194:31950/health'
    For more information check: https://developer.mozilla.org/en-US/docs/Web/HTTP/Status/403</error></testcase><testcase classname="tests.app.device_cards.test_deck_configuration" name="test_deck_configuration" time="0.000"><error message="failed on setup with &quot;httpx.HTTPStatusError: Client error '403 Forbidden' for url 'http://10.14.19.194:31950/health'&#10;For more information check: https://developer.mozilla.org/en-US/docs/Web/HTTP/Status/403&quot;">E   httpx.HTTPStatusError: Client error '403 Forbidden' for url 'http://10.14.19.194:31950/health'
    For more information check: https://developer.mozilla.org/en-US/docs/Web/HTTP/Status/403</error></testcase><testcase classname="tests.app.device_cards.test_run_history" name="test_run_history" time="0.000"><error message="failed on setup with &quot;httpx.HTTPStatusError: Client error '403 Forbidden' for url 'http://10.14.19.194:31950/health'&#10;For more information check: https://developer.mozilla.org/en-US/docs/Web/HTTP/Status/403&quot;">E   httpx.HTTPStatusError: Client error '403 Forbidden' for url 'http://10.14.19.194:31950/health'
    For more information check: https://developer.mozilla.org/en-US/docs/Web/HTTP/Status/403</error></testcase><testcase classname="tests.app.nav.test_labware" name="test_labware_landing" time="0.000"><error message="failed on setup with &quot;httpx.HTTPStatusError: Client error '403 Forbidden' for url 'http://10.14.19.194:31950/health'&#10;For more information check: https://developer.mozilla.org/en-US/docs/Web/HTTP/Status/403&quot;">E   httpx.HTTPStatusError: Client error '403 Forbidden' for url 'http://10.14.19.194:31950/health'
    For more information check: https://developer.mozilla.org/en-US/docs/Web/HTTP/Status/403</error></testcase><testcase classname="tests.app.nav.test_protocols" name="test_protocol_detail_tabs" time="0.000"><error message="failed on setup with &quot;httpx.HTTPStatusError: Client error '403 Forbidden' for url 'http://10.14.19.194:31950/health'&#10;For more information check: https://developer.mozilla.org/en-US/docs/Web/HTTP/Status/403&quot;">E   httpx.HTTPStatusError: Client error '403 Forbidden' for url 'http://10.14.19.194:31950/health'
    For more information check: https://developer.mozilla.org/en-US/docs/Web/HTTP/Status/403</error></testcase><testcase classname="tests.app.nav.test_protocols" name="test_protocol_opens_from_landing" time="0.000"><error message="failed on setup with &quot;httpx.HTTPStatusError: Client error '403 Forbidden' for url 'http://10.14.19.194:31950/health'&#10;For more information check: https://developer.mozilla.org/en-US/docs/Web/HTTP/Status/403&quot;">E   httpx.HTTPStatusError: Client error '403 Forbidden' for url 'http://10.14.19.194:31950/health'
    For more information check: https://developer.mozilla.org/en-US/docs/Web/HTTP/Status/403</error></testcase><testcase classname="tests.app.nav.test_protocol_actions" name="test_protocol_delete_cancel" time="0.000"><error message="failed on setup with &quot;httpx.HTTPStatusError: Client error '403 Forbidden' for url 'http://10.14.19.194:31950/health'&#10;For more information check: https://developer.mozilla.org/en-US/docs/Web/HTTP/Status/403&quot;">E   httpx.HTTPStatusError: Client error '403 Forbidden' for url 'http://10.14.19.194:31950/health'
    For more information check: https://developer.mozilla.org/en-US/docs/Web/HTTP/Status/403</error></testcase><testcase classname="tests.app.nav.test_protocol_actions" name="test_protocol_reanalyze" time="0.000"><error message="failed on setup with &quot;httpx.HTTPStatusError: Client error '403 Forbidden' for url 'http://10.14.19.194:31950/health'&#10;For more information check: https://developer.mozilla.org/en-US/docs/Web/HTTP/Status/403&quot;">E   httpx.HTTPStatusError: Client error '403 Forbidden' for url 'http://10.14.19.194:31950/health'
    For more information check: https://developer.mozilla.org/en-US/docs/Web/HTTP/Status/403</error></testcase><testcase classname="tests.app.nav.test_protocol_actions" name="test_protocol_send_to_flex" time="0.000"><error message="failed on setup with &quot;httpx.HTTPStatusError: Client error '403 Forbidden' for url 'http://10.14.19.194:31950/health'&#10;For more information check: https://developer.mozilla.org/en-US/docs/Web/HTTP/Status/403&quot;">E   httpx.HTTPStatusError: Client error '403 Forbidden' for url 'http://10.14.19.194:31950/health'
    For more information check: https://developer.mozilla.org/en-US/docs/Web/HTTP/Status/403</error></testcase><testcase classname="tests.app.nav.test_protocol_actions" name="test_protocol_show_in_folder" time="0.000"><error message="failed on setup with &quot;httpx.HTTPStatusError: Client error '403 Forbidden' for url 'http://10.14.19.194:31950/health'&#10;For more information check: https://developer.mozilla.org/en-US/docs/Web/HTTP/Status/403&quot;">E   httpx.HTTPStatusError: Client error '403 Forbidden' for url 'http://10.14.19.194:31950/health'
    For more information check: https://developer.mozilla.org/en-US/docs/Web/HTTP/Status/403</error></testcase><testcase classname="tests.app.nav.test_app_settings" name="test_advanced_tab" time="0.000"><error message="failed on setup with &quot;httpx.HTTPStatusError: Client error '403 Forbidden' for url 'http://10.14.19.194:31950/health'&#10;For more information check: https://developer.mozilla.org/en-US/docs/Web/HTTP/Status/403&quot;">E   httpx.HTTPStatusError: Client error '403 Forbidden' for url 'http://10.14.19.194:31950/health'
    For more information check: https://developer.mozilla.org/en-US/docs/Web/HTTP/Status/403</error></testcase><testcase classname="tests.app.nav.test_app_settings" name="test_feature_flags_tab" time="0.000"><error message="failed on setup with &quot;httpx.HTTPStatusError: Client error '403 Forbidden' for url 'http://10.14.19.194:31950/health'&#10;For more information check: https://developer.mozilla.org/en-US/docs/Web/HTTP/Status/403&quot;">E   httpx.HTTPStatusError: Client error '403 Forbidden' for url 'http://10.14.19.194:31950/health'
    For more information check: https://developer.mozilla.org/en-US/docs/Web/HTTP/Status/403</error></testcase><testcase classname="tests.app.nav.test_app_settings" name="test_general_tab" time="0.000"><error message="failed on setup with &quot;httpx.HTTPStatusError: Client error '403 Forbidden' for url 'http://10.14.19.194:31950/health'&#10;For more information check: https://developer.mozilla.org/en-US/docs/Web/HTTP/Status/403&quot;">E   httpx.HTTPStatusError: Client error '403 Forbidden' for url 'http://10.14.19.194:31950/health'
    For more information check: https://developer.mozilla.org/en-US/docs/Web/HTTP/Status/403</error></testcase><testcase classname="tests.app.nav.test_app_settings" name="test_privacy_tab" time="0.000"><error message="failed on setup with &quot;httpx.HTTPStatusError: Client error '403 Forbidden' for url 'http://10.14.19.194:31950/health'&#10;For more information check: https://developer.mozilla.org/en-US/docs/Web/HTTP/Status/403&quot;">E   httpx.HTTPStatusError: Client error '403 Forbidden' for url 'http://10.14.19.194:31950/health'
    For more information check: https://developer.mozilla.org/en-US/docs/Web/HTTP/Status/403</error></testcase><testcase classname="tests.app.nav.test_app_settings_placeholders" name="test_app_language_round_trip" time="0.000"><skipped type="pytest.skip" message="TODO: app language round-trip has no page-object helper yet">/Users/alexcopperman/Downloads/Opentrons_General/opentrons-app-e2e/tests/app/nav/test_app_settings_placeholders.py:15: TODO: app language round-trip has no page-object helper yet</skipped></testcase><testcase classname="tests.app.nav.test_app_settings_placeholders" name="test_protocol_source_download_preference" time="0.000"><error message="failed on setup with &quot;httpx.HTTPStatusError: Client error '403 Forbidden' for url 'http://10.14.19.194:31950/health'&#10;For more information check: https://developer.mozilla.org/en-US/docs/Web/HTTP/Status/403&quot;">E   httpx.HTTPStatusError: Client error '403 Forbidden' for url 'http://10.14.19.194:31950/health'
    For more information check: https://developer.mozilla.org/en-US/docs/Web/HTTP/Status/403</error></testcase><testcase classname="tests.app.nav.test_protocol_run_tabs" name="test_protocol_run_header" time="0.000"><error message="failed on setup with &quot;httpx.HTTPStatusError: Client error '403 Forbidden' for url 'http://10.14.19.194:31950/health'&#10;For more information check: https://developer.mozilla.org/en-US/docs/Web/HTTP/Status/403&quot;">E   httpx.HTTPStatusError: Client error '403 Forbidden' for url 'http://10.14.19.194:31950/health'
    For more information check: https://developer.mozilla.org/en-US/docs/Web/HTTP/Status/403</error></testcase><testcase classname="tests.app.nav.test_protocol_run_tabs" name="test_protocol_run_tabs" time="0.000"><error message="failed on setup with &quot;httpx.HTTPStatusError: Client error '403 Forbidden' for url 'http://10.14.19.194:31950/health'&#10;For more information check: https://developer.mozilla.org/en-US/docs/Web/HTTP/Status/403&quot;">E   httpx.HTTPStatusError: Client error '403 Forbidden' for url 'http://10.14.19.194:31950/health'
    For more information check: https://developer.mozilla.org/en-US/docs/Web/HTTP/Status/403</error></testcase><testcase classname="tests.app.nav.test_run_setup" name="test_run_setup_step[Camera]" time="0.000"><error message="failed on setup with &quot;httpx.HTTPStatusError: Client error '403 Forbidden' for url 'http://10.14.19.194:31950/health'&#10;For more information check: https://developer.mozilla.org/en-US/docs/Web/HTTP/Status/403&quot;">E   httpx.HTTPStatusError: Client error '403 Forbidden' for url 'http://10.14.19.194:31950/health'
    For more information check: https://developer.mozilla.org/en-US/docs/Web/HTTP/Status/403</error></testcase><testcase classname="tests.app.nav.test_run_setup" name="test_run_setup_step[Deck Hardware]" time="0.000"><error message="failed on setup with &quot;httpx.HTTPStatusError: Client error '403 Forbidden' for url 'http://10.14.19.194:31950/health'&#10;For more information check: https://developer.mozilla.org/en-US/docs/Web/HTTP/Status/403&quot;">E   httpx.HTTPStatusError: Client error '403 Forbidden' for url 'http://10.14.19.194:31950/health'
    For more information check: https://developer.mozilla.org/en-US/docs/Web/HTTP/Status/403</error></testcase><testcase classname="tests.app.nav.test_run_setup" name="test_run_setup_step[Instruments]" time="0.000"><error message="failed on setup with &quot;httpx.HTTPStatusError: Client error '403 Forbidden' for url 'http://10.14.19.194:31950/health'&#10;For more information check: https://developer.mozilla.org/en-US/docs/Web/HTTP/Status/403&quot;">E   httpx.HTTPStatusError: Client error '403 Forbidden' for url 'http://10.14.19.194:31950/health'
    For more information check: https://developer.mozilla.org/en-US/docs/Web/HTTP/Status/403</error></testcase><testcase classname="tests.app.nav.test_run_setup" name="test_run_setup_step[Labware &amp; Liquids]" time="0.000"><error message="failed on setup with &quot;httpx.HTTPStatusError: Client error '403 Forbidden' for url 'http://10.14.19.194:31950/health'&#10;For more information check: https://developer.mozilla.org/en-US/docs/Web/HTTP/Status/403&quot;">E   httpx.HTTPStatusError: Client error '403 Forbidden' for url 'http://10.14.19.194:31950/health'
    For more information check: https://developer.mozilla.org/en-US/docs/Web/HTTP/Status/403</error></testcase><testcase classname="tests.app.nav.test_run_setup" name="test_run_setup_step[Labware Offsets]" time="0.000"><error message="failed on setup with &quot;httpx.HTTPStatusError: Client error '403 Forbidden' for url 'http://10.14.19.194:31950/health'&#10;For more information check: https://developer.mozilla.org/en-US/docs/Web/HTTP/Status/403&quot;">E   httpx.HTTPStatusError: Client error '403 Forbidden' for url 'http://10.14.19.194:31950/health'
    For more information check: https://developer.mozilla.org/en-US/docs/Web/HTTP/Status/403</error></testcase></testsuite></testsuites>